

{'max_depth': 5, 'n_train': 10000}
training XGBoost
CPU: 0.3242793083190918 seconds
GPU: 0.32162928581237793 seconds
[21:53:20] Tree method is selected to be 'hist', which uses histogram aggregation for faster training. Using custom sequence of updaters: grow_fast_histmaker
hist_256: 0.6269485950469971 seconds
[21:53:20] Tree method is selected to be 'hist', which uses histogram aggregation for faster training. Using custom sequence of updaters: grow_fast_histmaker
hist_1024: 2.4549179077148438 seconds

logloss train
         CPU       GPU  hist_256  hist_1024
0   0.665687  0.665686  0.665951   0.665854
4   0.587873  0.588006  0.587272   0.588821
8   0.531096  0.531320  0.532865   0.532281
12  0.489831  0.492187  0.491456   0.489462
16  0.458189  0.460590  0.461546   0.457531
20  0.436994  0.435682  0.438907   0.435258
24  0.421950  0.420991  0.420977   0.416216
28  0.407506  0.404053  0.406026   0.402621
32  0.390881  0.391259  0.391685   0.390202
36  0.382589  0.383364  0.383473   0.376985
40  0.373038  0.376060  0.376034   0.366851
44  0.362404  0.366572  0.363686   0.360199
48  0.354376  0.356876  0.355493   0.354045

logloss valid
         CPU       GPU  hist_256  hist_1024
0   0.668714  0.668746  0.668734   0.668428
4   0.598528  0.598781  0.599072   0.599048
8   0.549261  0.549490  0.552128   0.550552
12  0.513024  0.515750  0.515579   0.512200
16  0.486469  0.488242  0.489987   0.484640
20  0.469938  0.468429  0.471188   0.466219
24  0.458058  0.457186  0.456123   0.451376
28  0.445728  0.442439  0.443950   0.439817
32  0.431761  0.431265  0.432559   0.429177
36  0.425617  0.426099  0.426364   0.418235
40  0.417381  0.420376  0.420884   0.410171
44  0.408765  0.413147  0.412059   0.405376
48  0.402837  0.407521  0.406430   0.401311

Leaf counts
    CPU  GPU  hist_256  hist_1024
0    32   32        32         32
4    32   31        32         32
8    32   32        31         32
12   31   32        31         31
16   32   32        32         30
20   22   28        27         32
24   22   23        32         31
28   29   26        22         30
32   29   24        27         23
36   21   22        23         19
40   25   31        21         28
44   32   21        32         20
48   31   24        25         29

w L1 sum
         CPU       GPU  hist_256  hist_1024
0   2.732003  2.808075  2.749008   2.755833
4   2.626431  2.575483  2.412552   2.625326
8   2.517369  2.500419  2.297968   2.577315
12  2.013396  2.461628  2.298489   2.296699
16  2.331002  2.230297  2.074367   1.953002
20  1.414645  2.014304  1.807119   2.318993
24  1.458523  1.528710  2.166445   2.104230
28  2.021544  1.616914  1.351605   2.091291
32  1.719908  1.552378  1.567868   1.453342
36  1.315309  1.235641  1.312872   1.059967
40  1.539830  2.308417  1.255775   1.766293
44  2.122108  1.255068  1.913633   1.205824
48  1.744314  1.235290  1.389069   1.651577

w L2 sum
         CPU       GPU  hist_256  hist_1024
0   0.573825  0.578319  0.567848   0.575790
4   0.528308  0.523131  0.487744   0.515155
8   0.512168  0.508381  0.478375   0.516459
12  0.432729  0.525831  0.458873   0.466529
16  0.476808  0.445969  0.447336   0.439178
20  0.363664  0.445603  0.418078   0.484479
24  0.358900  0.376210  0.436779   0.441937
28  0.432354  0.386534  0.339308   0.422965
32  0.381218  0.372240  0.361166   0.356777
36  0.345749  0.322014  0.340309   0.309885
40  0.357599  0.488721  0.323990   0.382832
44  0.417350  0.331907  0.405608   0.322510
48  0.380623  0.323590  0.336286   0.367529

Feature importance(gain) sorted by CPU
          CPU       GPU  hist_256  hist_1024
f25  0.209670  0.217974  0.196041   0.205314
f19  0.070028  0.067525  0.076778   0.073006
f17  0.065208  0.057234  0.062599   0.066131
f1   0.060482  0.057872  0.059559   0.059913
f13  0.055189  0.051935  0.053632   0.053078


{'max_depth': 15, 'n_train': 10000}
training XGBoost
CPU: 0.8277773857116699 seconds
GPU: 1.5507376194000244 seconds
[21:53:25] Tree method is selected to be 'hist', which uses histogram aggregation for faster training. Using custom sequence of updaters: grow_fast_histmaker
hist_256: 5.990826845169067 seconds
[21:53:31] Tree method is selected to be 'hist', which uses histogram aggregation for faster training. Using custom sequence of updaters: grow_fast_histmaker
hist_1024: 21.392701148986816 seconds

logloss train
         CPU       GPU  hist_256  hist_1024
0   0.626821  0.628728  0.627582   0.626847
4   0.443138  0.444504  0.444631   0.442685
8   0.326751  0.328474  0.327317   0.325519
12  0.249651  0.250648  0.250396   0.247678
16  0.196917  0.199724  0.197294   0.194747
20  0.159117  0.161833  0.160599   0.155983
24  0.128784  0.131462  0.130474   0.127053
28  0.107236  0.109855  0.108324   0.105414
32  0.091749  0.092798  0.091848   0.089753
36  0.079696  0.080458  0.079211   0.077395
40  0.068923  0.071146  0.069414   0.067985
44  0.061199  0.063452  0.063226   0.060952
48  0.055014  0.057354  0.056876   0.055365

logloss valid
         CPU       GPU  hist_256  hist_1024
0   0.651294  0.651889  0.650240   0.649827
4   0.538451  0.539133  0.539625   0.537837
8   0.468727  0.471113  0.471405   0.469749
12  0.424379  0.426374  0.428829   0.424598
16  0.394189  0.395547  0.400600   0.394849
20  0.372232  0.373403  0.378063   0.372383
24  0.353506  0.355794  0.361146   0.355145
28  0.339018  0.344039  0.348913   0.341446
32  0.328989  0.334215  0.337874   0.331898
36  0.322829  0.326982  0.330785   0.325846
40  0.316128  0.320979  0.324682   0.320446
44  0.311956  0.316547  0.320733   0.316445
48  0.308065  0.313088  0.318349   0.313022

Leaf counts
    CPU  GPU  hist_256  hist_1024
0   611  534       632        623
4   553  578       606        588
8   608  572       589        620
12  541  541       565        573
16  528  434       530        519
20  440  345       428        457
24  432  415       426        406
28  377  360       402        362
32  323  306       283        335
36  276  256       320        302
40  304  233       254        249
44  205  214       134        251
48  259  144       263        185

w L1 sum
          CPU        GPU   hist_256  hist_1024
0   51.896921  48.759022  53.556861  53.090478
4   39.761165  43.170945  42.452737  42.948970
8   38.032472  36.043773  36.138909  38.456561
12  30.142307  31.215655  31.282061  32.059824
16  26.878067  22.728703  26.545035  26.276502
20  20.592244  16.739611  19.346537  21.258947
24  19.041452  19.357242  18.766825  17.469301
28  15.623805  15.398953  16.502633  14.884712
32  12.247212  12.108577  11.151102  12.857206
36  10.190205   9.702411  12.084846  10.724886
40  10.984222   8.367328   9.219240   8.273683
44   6.708770   7.412194   4.485682   8.318353
48   8.287810   4.689472   8.877886   5.945484

w L2 sum
         CPU       GPU  hist_256  hist_1024
0   2.558782  2.473331  2.588228   2.596780
4   2.016574  2.100228  2.078232   2.097806
8   1.843110  1.784755  1.792819   1.856846
12  1.562246  1.585797  1.580897   1.608335
16  1.421230  1.314773  1.408366   1.391447
20  1.201010  1.078673  1.147820   1.209097
24  1.123227  1.142959  1.104215   1.065097
28  0.994972  0.983375  1.011635   0.966719
32  0.850608  0.845080  0.811490   0.879043
36  0.756548  0.741898  0.829049   0.779244
40  0.785372  0.674800  0.709238   0.669382
44  0.590911  0.629676  0.489723   0.659006
48  0.646916  0.481980  0.663398   0.546343

Feature importance(gain) sorted by CPU
          CPU       GPU  hist_256  hist_1024
f25  0.120373  0.122213  0.124942   0.114776
f19  0.076115  0.077414  0.075166   0.080285
f10  0.053275  0.051442  0.053061   0.053640
f13  0.049646  0.051592  0.047735   0.052313
f17  0.044533  0.044751  0.044351   0.043509


{'max_depth': 5, 'n_train': 100000}
training XGBoost
CPU: 3.3469862937927246 seconds
GPU: 1.0241138935089111 seconds
[21:53:58] Tree method is selected to be 'hist', which uses histogram aggregation for faster training. Using custom sequence of updaters: grow_fast_histmaker
hist_256: 1.29514741897583 seconds
[21:53:59] Tree method is selected to be 'hist', which uses histogram aggregation for faster training. Using custom sequence of updaters: grow_fast_histmaker
hist_1024: 3.466036319732666 seconds

logloss train
         CPU       GPU  hist_256  hist_1024
0   0.667358  0.667358  0.667512   0.667426
4   0.597617  0.596939  0.597934   0.598674
8   0.554396  0.552764  0.554003   0.554482
12  0.523879  0.522570  0.523917   0.524084
16  0.504773  0.503540  0.504052   0.503320
20  0.487158  0.484882  0.489600   0.488828
24  0.474843  0.472026  0.473655   0.474198
28  0.461650  0.462681  0.461200   0.462885
32  0.451390  0.453140  0.449271   0.452500
36  0.444614  0.445872  0.441420   0.444892
40  0.435696  0.440261  0.433647   0.437237
44  0.428579  0.431876  0.428098   0.430465
48  0.421805  0.425676  0.422868   0.424708

logloss valid
         CPU       GPU  hist_256  hist_1024
0   0.668009  0.668002  0.668038   0.667990
4   0.600643  0.599849  0.600584   0.601422
8   0.558947  0.557192  0.558356   0.558640
12  0.529928  0.528735  0.529870   0.530133
16  0.511992  0.510574  0.510903   0.510639
20  0.495253  0.492677  0.497114   0.496803
24  0.483896  0.480717  0.482046   0.483132
28  0.471485  0.471747  0.470105   0.472227
32  0.461802  0.462907  0.458882   0.462765
36  0.455490  0.456082  0.451351   0.455404
40  0.447089  0.450914  0.444225   0.448411
44  0.440499  0.443288  0.439100   0.442146
48  0.434169  0.437758  0.434284   0.436765

Leaf counts
    CPU  GPU  hist_256  hist_1024
0    32   32        32         32
4    32   32        32         32
8    32   32        32         32
12   32   32        32         32
16   32   32        32         32
20   32   32        31         32
24   32   31        32         32
28   32   31        28         28
32   32   31        32         29
36   30   30        30         32
40   30   28        31         29
44   28   32        28         31
48   30   31        28         29

w L1 sum
         CPU       GPU  hist_256  hist_1024
0   2.882187  2.882814  2.845376   2.902775
4   2.387849  2.388064  2.414929   2.412201
8   2.252290  2.144272  2.051731   2.303159
12  2.170128  2.169058  2.216689   1.782307
16  2.400606  2.181596  2.239796   2.311612
20  2.314061  2.044348  2.402737   2.097933
24  2.224365  2.118138  2.110417   2.182478
28  1.964689  2.096361  1.859514   1.967245
32  1.923811  2.216663  1.822229   2.199849
36  1.644489  2.208539  2.192099   2.529625
40  1.920820  1.844952  2.300242   1.974266
44  1.963200  2.176324  1.585073   2.040694
48  1.999400  2.041024  1.903227   1.765565

w L2 sum
         CPU       GPU  hist_256  hist_1024
0   0.567649  0.567808  0.560773   0.569934
4   0.487272  0.484328  0.503229   0.496448
8   0.447047  0.439309  0.412552   0.450456
12  0.432738  0.453044  0.452123   0.382944
16  0.493389  0.448854  0.477742   0.506264
20  0.465164  0.420730  0.500645   0.440057
24  0.450263  0.462635  0.441319   0.445653
28  0.442172  0.446271  0.420734   0.429550
32  0.396875  0.516495  0.409639   0.484375
36  0.360041  0.514785  0.477161   0.526114
40  0.414716  0.433905  0.469656   0.441145
44  0.445439  0.551215  0.368375   0.439213
48  0.451216  0.428521  0.468222   0.418037

Feature importance(gain) sorted by CPU
          CPU       GPU  hist_256  hist_1024
f3   0.222972  0.217981  0.218954   0.231932
f12  0.075874  0.080711  0.081244   0.085906
f1   0.068573  0.063803  0.072355   0.065380
f9   0.066521  0.065923  0.061965   0.064290
f5   0.058063  0.063375  0.062925   0.063297


{'max_depth': 15, 'n_train': 100000}
training XGBoost
CPU: 10.130833148956299 seconds
GPU: 4.659424066543579 seconds
[21:54:18] Tree method is selected to be 'hist', which uses histogram aggregation for faster training. Using custom sequence of updaters: grow_fast_histmaker
hist_256: 26.910778999328613 seconds
[21:54:46] Tree method is selected to be 'hist', which uses histogram aggregation for faster training. Using custom sequence of updaters: grow_fast_histmaker
hist_1024: 102.0087718963623 seconds

logloss train
         CPU       GPU  hist_256  hist_1024
0   0.629082  0.630118  0.629519   0.628830
4   0.451152  0.452371  0.452593   0.451551
8   0.341959  0.343285  0.344138   0.343013
12  0.271353  0.271143  0.274369   0.271216
16  0.221508  0.222438  0.223369   0.219596
20  0.185166  0.186076  0.188197   0.182968
24  0.160481  0.163772  0.165320   0.160205
28  0.144535  0.146602  0.148026   0.143568
32  0.132190  0.133757  0.134666   0.129983
36  0.121748  0.124069  0.123986   0.119000
40  0.115022  0.115953  0.115761   0.112213
44  0.108746  0.111114  0.111102   0.106724
48  0.105166  0.108091  0.106440   0.101590

logloss valid
         CPU       GPU  hist_256  hist_1024
0   0.641578  0.641632  0.642002   0.641639
4   0.504380  0.504794  0.504675   0.504256
8   0.424657  0.426004  0.426336   0.424814
12  0.374648  0.375514  0.376466   0.374276
16  0.340368  0.341455  0.341760   0.339405
20  0.316592  0.317959  0.318726   0.315519
24  0.301030  0.303138  0.304102   0.300609
28  0.290750  0.291942  0.292996   0.290202
32  0.283381  0.283696  0.285027   0.281811
36  0.276986  0.278136  0.278630   0.275800
40  0.272760  0.273784  0.274180   0.272140
44  0.269899  0.271230  0.271578   0.269449
48  0.268277  0.269789  0.269296   0.266794

Leaf counts
     CPU   GPU  hist_256  hist_1024
0   3086  2679      3065       3107
4   3075  2952      2943       3007
8   3037  2935      3073       3112
12  2494  2789      2583       2794
16  2352  2438      2627       2654
20  2467  2362      2376       2355
24  1881  1441      1934       1562
28  1299  1091      1302       1333
32   982  1447      1365       1191
36   995   855      1154       1155
40   644   589       907        709
44   441   906       667       1202
48   405   553       404        419

w L1 sum
           CPU         GPU    hist_256   hist_1024
0   274.233039  252.477414  276.157113  277.170589
4   228.368231  227.559389  217.002769  225.786154
8   198.286673  198.536191  202.736905  202.829014
12  147.560894  173.363208  153.553895  167.048154
16  131.954421  140.215272  147.429428  149.307940
20  130.975955  126.082525  125.741107  125.292487
24   93.333040   74.392368   96.825221   76.135506
28   61.989532   53.560738   61.529622   62.830250
32   44.652988   70.272716   62.196413   53.703610
36   43.961406   37.930055   51.066154   49.967277
40   27.091059   24.973869   39.436756   29.727597
44   17.378817   39.377005   27.463345   53.449055
48   15.219334   22.090505   15.554356   15.652960

w L2 sum
         CPU       GPU  hist_256  hist_1024
0   5.933929  5.722944  5.952004   5.973582
4   4.895937  4.911330  4.774653   4.880152
8   4.295951  4.308875  4.338406   4.337956
12  3.539937  3.859759  3.618761   3.778153
16  3.276891  3.356585  3.450757   3.467670
20  3.184078  3.080120  3.109561   3.095304
24  2.593047  2.339651  2.652688   2.334005
28  2.077673  1.929277  2.075698   2.090985
32  1.732766  2.204232  2.054907   1.893337
36  1.703547  1.583386  1.834250   1.807974
40  1.318518  1.245670  1.581246   1.387431
44  1.017063  1.587510  1.298875   1.882218
48  0.947447  1.140742  0.954862   0.953246

Feature importance(gain) sorted by CPU
          CPU       GPU  hist_256  hist_1024
f3   0.122943  0.127409  0.128368   0.125338
f12  0.073543  0.074447  0.073647   0.074343
f9   0.053903  0.053796  0.054952   0.053724
f28  0.051761  0.051227  0.051793   0.051956
f5   0.049350  0.049721  0.049829   0.049617


{'max_depth': 5, 'n_train': 1000000}
training XGBoost
CPU: 39.38322424888611 seconds
GPU: 16.315192699432373 seconds
[21:57:26] Tree method is selected to be 'hist', which uses histogram aggregation for faster training. Using custom sequence of updaters: grow_fast_histmaker
hist_256: 6.622316122055054 seconds
[21:57:33] Tree method is selected to be 'hist', which uses histogram aggregation for faster training. Using custom sequence of updaters: grow_fast_histmaker
hist_1024: 9.691990852355957 seconds

logloss train
         CPU       GPU  hist_256  hist_1024
0   0.669476  0.669474  0.669452   0.669485
4   0.603506  0.602639  0.603122   0.603893
8   0.561601  0.560402  0.560893   0.561913
12  0.531209  0.531056  0.532984   0.531892
16  0.511315  0.508394  0.512307   0.511072
20  0.493045  0.492061  0.496225   0.492838
24  0.479375  0.481451  0.481459   0.480250
28  0.470204  0.468846  0.470902   0.470197
32  0.459996  0.462483  0.462586   0.460580
36  0.452200  0.454710  0.452383   0.455332
40  0.446599  0.448863  0.446667   0.448921
44  0.441771  0.442579  0.442889   0.443865
48  0.436905  0.435992  0.437965   0.436903

logloss valid
         CPU       GPU  hist_256  hist_1024
0   0.669602  0.669597  0.669561   0.669609
4   0.604036  0.603175  0.603584   0.604415
8   0.562510  0.561231  0.561663   0.562830
12  0.532323  0.532118  0.533893   0.532939
16  0.512561  0.509516  0.513254   0.512167
20  0.494353  0.493215  0.497196   0.493975
24  0.480687  0.482722  0.482555   0.481426
28  0.471684  0.470172  0.472061   0.471482
32  0.461562  0.463855  0.463823   0.462021
36  0.453847  0.456203  0.453729   0.456864
40  0.448300  0.450451  0.448029   0.450506
44  0.443523  0.444268  0.444324   0.445556
48  0.438732  0.437713  0.439387   0.438656

Leaf counts
    CPU  GPU  hist_256  hist_1024
0    32   32        32         32
4    32   32        32         32
8    32   32        32         32
12   32   32        32         32
16   32   32        32         32
20   32   32        32         32
24   32   32        32         32
28   32   32        32         32
32   32   32        32         32
36   32   32        32         32
40   32   32        32         32
44   32   32        32         32
48   32   32        32         32

w L1 sum
         CPU       GPU  hist_256  hist_1024
0   2.249666  2.250244  2.177829   2.250430
4   2.086853  2.334041  2.134188   2.048275
8   1.901180  1.929597  1.899593   1.925531
12  2.025943  1.922231  2.224473   1.981473
16  2.424102  1.857978  2.527046   1.983609
20  2.032380  2.009138  2.226185   1.984253
24  1.886490  2.100417  1.961541   1.790196
28  2.143792  1.813450  2.165489   2.262231
32  1.720202  2.572531  2.117061   2.437104
36  2.439567  1.805091  2.027089   2.109463
40  2.141454  2.865507  1.937861   2.251746
44  2.792343  2.451113  2.311030   2.376764
48  2.186797  1.536368  2.478052   2.085741

w L2 sum
         CPU       GPU  hist_256  hist_1024
0   0.476926  0.477060  0.471936   0.477330
4   0.435471  0.473223  0.459676   0.419597
8   0.409927  0.407779  0.398883   0.404781
12  0.414600  0.403982  0.458155   0.400284
16  0.474212  0.377905  0.514332   0.398404
20  0.441820  0.404443  0.456923   0.398215
24  0.404695  0.434210  0.413888   0.388292
28  0.447115  0.358259  0.454092   0.476307
32  0.362898  0.517881  0.436580   0.490840
36  0.488036  0.365147  0.431379   0.434029
40  0.433267  0.589666  0.419117   0.467204
44  0.577043  0.495437  0.481582   0.515976
48  0.445701  0.324901  0.530618   0.443275

Feature importance(gain) sorted by CPU
          CPU       GPU  hist_256  hist_1024
f23  0.139326  0.132467  0.136695   0.136976
f10  0.131857  0.122422  0.117437   0.115734
f2   0.111466  0.110149  0.113502   0.112115
f5   0.083421  0.081634  0.080810   0.081933
f3   0.068513  0.074517  0.075873   0.069659


{'max_depth': 15, 'n_train': 1000000}
training XGBoost
CPU: 134.81026697158813 seconds
GPU: 44.69446682929993 seconds
[22:00:47] Tree method is selected to be 'hist', which uses histogram aggregation for faster training. Using custom sequence of updaters: grow_fast_histmaker
hist_256: 114.35222697257996 seconds
[22:02:44] Tree method is selected to be 'hist', which uses histogram aggregation for faster training. Using custom sequence of updaters: grow_fast_histmaker
hist_1024: 417.85927844047546 seconds

logloss train
         CPU       GPU  hist_256  hist_1024
0   0.631890  0.631609  0.631886   0.631799
4   0.463272  0.464035  0.464840   0.463737
8   0.363684  0.365433  0.366296   0.364813
12  0.300069  0.302095  0.302949   0.301959
16  0.256504  0.258389  0.259277   0.257741
20  0.227094  0.228335  0.229570   0.226650
24  0.204472  0.206270  0.206695   0.204280
28  0.186935  0.188048  0.189305   0.186974
32  0.172979  0.174977  0.175303   0.173314
36  0.163507  0.164096  0.166221   0.164019
40  0.156316  0.156582  0.158732   0.157058
44  0.151034  0.151069  0.153546   0.151564
48  0.146372  0.146789  0.148375   0.145493

logloss valid
         CPU       GPU  hist_256  hist_1024
0   0.636405  0.636011  0.636326   0.636386
4   0.482583  0.482915  0.483174   0.482892
8   0.393973  0.395332  0.395086   0.394814
12  0.339222  0.340406  0.340338   0.340334
16  0.302917  0.303944  0.303892   0.303498
20  0.279524  0.279884  0.280131   0.278629
24  0.262082  0.262969  0.262528   0.261627
28  0.249188  0.249559  0.249563   0.248855
32  0.239359  0.240349  0.239823   0.239267
36  0.233089  0.233060  0.233906   0.233128
40  0.228641  0.228406  0.229375   0.228773
44  0.225534  0.225196  0.226215   0.225507
48  0.222783  0.222787  0.223228   0.222114

Leaf counts
      CPU   GPU  hist_256  hist_1024
0   10224  9556     10355      10309
4   10285  9273      9501       9315
8    9751  9600      9099       9322
12   9282  9093      9666       8725
16   8827  8717      9067       8963
20   8102  7900      7899       8030
24   7375  7419      7557       7652
28   6792  6734      7207       6921
32   5020  6005      7817       6440
36   4367  4438      4036       5341
40   3191  3996      4290       3510
44   3394  2607      3840       2551
48   3234  4637      3614       3426

w L1 sum
           CPU         GPU    hist_256   hist_1024
0   956.533865  934.531095  971.718233  965.462868
4   809.617928  751.865311  754.034515  736.565843
8   680.169193  686.307111  638.709833  654.227755
12  599.216731  604.652333  630.067518  570.732469
16  544.251369  549.923292  559.726456  550.928885
20  470.189842  475.539618  459.778682  470.051252
24  428.919882  445.797067  439.756647  447.860566
28  379.348450  381.721468  402.276042  387.103426
32  269.212133  339.928157  441.668426  357.426891
36  230.182535  234.443699  207.502718  286.170789
40  162.736751  217.541908  222.410375  185.343599
44  179.611576  131.409240  198.910103  123.776877
48  164.583375  256.088076  186.335240  171.096911

w L2 sum
          CPU        GPU   hist_256  hist_1024
0   11.198248  11.159573  11.299736  11.265508
4    9.364002   9.100186   9.059342   8.961190
8    8.126189   8.174502   7.878279   7.986390
12   7.374835   7.428069   7.558079   7.228204
16   6.897502   6.900973   6.957673   6.924465
20   6.258975   6.295057   6.155026   6.240677
24   6.034288   6.122273   6.082074   6.130172
28   5.532229   5.527677   5.696735   5.607830
32   4.601504   5.255108   6.011833   5.401758
36   4.251561   4.220871   3.994450   4.768639
40   3.523255   4.200940   4.151215   3.836220
44   3.792523   3.146346   3.975601   3.044439
48   3.566799   4.592042   3.831100   3.608369

Feature importance(gain) sorted by CPU
          CPU       GPU  hist_256  hist_1024
f23  0.094951  0.095510  0.097169   0.095071
f2   0.086041  0.088720  0.087019   0.085956
f10  0.075705  0.076667  0.076940   0.076678
f3   0.067056  0.067833  0.067597   0.068081
f25  0.065726  0.065121  0.064612   0.064329


{'max_depth': 5, 'n_train': 2000000}
training XGBoost
CPU: 107.18719387054443 seconds
GPU: 35.98860740661621 seconds
[22:12:11] Tree method is selected to be 'hist', which uses histogram aggregation for faster training. Using custom sequence of updaters: grow_fast_histmaker
hist_256: 12.371522426605225 seconds
[22:12:24] Tree method is selected to be 'hist', which uses histogram aggregation for faster training. Using custom sequence of updaters: grow_fast_histmaker
hist_1024: 16.061877012252808 seconds

logloss train
         CPU       GPU  hist_256  hist_1024
0   0.682721  0.682719  0.682744   0.682869
4   0.648854  0.648853  0.649295   0.649232
8   0.626563  0.626562  0.623276   0.626224
12  0.608381  0.608359  0.605319   0.607039
16  0.594382  0.594419  0.586152   0.590742
20  0.578130  0.578155  0.573801   0.579841
24  0.562876  0.563254  0.560679   0.567963
28  0.544125  0.547292  0.541734   0.556353
32  0.532459  0.537020  0.528509   0.539601
36  0.525993  0.524134  0.519920   0.521927
40  0.512888  0.506200  0.508639   0.511846
44  0.504912  0.498188  0.503220   0.505684
48  0.497044  0.492311  0.492739   0.497354

logloss valid
         CPU       GPU  hist_256  hist_1024
0   0.682727  0.682725  0.682746   0.682867
4   0.648992  0.648986  0.649321   0.649381
8   0.626734  0.626711  0.623356   0.626400
12  0.608664  0.608620  0.605475   0.607282
16  0.594733  0.594748  0.586372   0.591139
20  0.578563  0.578562  0.574131   0.580331
24  0.563399  0.563791  0.561122   0.568496
28  0.544740  0.547887  0.542268   0.556916
32  0.533122  0.537700  0.529122   0.540206
36  0.526741  0.524853  0.520609   0.522650
40  0.513729  0.506959  0.509389   0.512639
44  0.505808  0.499019  0.504031   0.506594
48  0.498041  0.493193  0.493575   0.498290

Leaf counts
    CPU  GPU  hist_256  hist_1024
0    32   32        32         32
4    32   32        32         32
8    32   32        32         32
12   32   32        32         32
16   32   32        32         32
20   32   32        32         32
24   32   32        32         32
28   32   32        32         32
32   32   32        32         32
36   32   32        32         32
40   32   32        32         32
44   32   32        32         32
48   32   32        32         32

w L1 sum
         CPU       GPU  hist_256  hist_1024
0   3.276388  3.276884  3.215567   3.232252
4   2.872468  2.872842  2.623094   2.821217
8   2.583256  2.561405  2.626546   2.536429
12  2.410628  2.370382  2.725484   2.312242
16  2.366070  2.388349  2.251730   2.259827
20  2.457300  2.460728  2.149714   2.366370
24  2.237795  2.460247  2.094709   2.237314
28  2.349542  2.630108  1.797664   2.311127
32  2.290859  2.268189  2.070954   1.736908
36  2.298798  2.172421  2.362296   1.705128
40  2.669384  1.612328  2.120215   2.174327
44  1.764485  1.985444  2.406208   2.607310
48  2.134198  2.255733  2.028239   2.065805

w L2 sum
         CPU       GPU  hist_256  hist_1024
0   0.648120  0.648251  0.636198   0.637233
4   0.562171  0.562250  0.531364   0.552001
8   0.506228  0.505259  0.537960   0.513775
12  0.487945  0.479607  0.523140   0.471469
16  0.476953  0.482485  0.433933   0.448900
20  0.516907  0.518019  0.439239   0.478628
24  0.431436  0.506609  0.425878   0.450802
28  0.466807  0.533185  0.377760   0.460882
32  0.472526  0.473614  0.422938   0.367778
36  0.480989  0.471224  0.507183   0.354199
40  0.540653  0.335683  0.445457   0.456202
44  0.366125  0.407082  0.505168   0.536581
48  0.449223  0.476174  0.426094   0.424637

Feature importance(gain) sorted by CPU
          CPU       GPU  hist_256  hist_1024
f23  0.147094  0.152856  0.161298   0.150543
f7   0.095108  0.100432  0.098624   0.096085
f26  0.071258  0.070034  0.085897   0.075470
f21  0.067900  0.068809  0.064962   0.072896
f20  0.061794  0.060796  0.051116   0.062836


{'max_depth': 15, 'n_train': 2000000}
training XGBoost
CPU: 359.464759349823 seconds
GPU: 101.80160856246948 seconds
[22:20:26] Tree method is selected to be 'hist', which uses histogram aggregation for faster training. Using custom sequence of updaters: grow_fast_histmaker
hist_256: 124.78115367889404 seconds
[22:22:33] Tree method is selected to be 'hist', which uses histogram aggregation for faster training. Using custom sequence of updaters: grow_fast_histmaker
hist_1024: 427.86904644966125 seconds

logloss train
         CPU       GPU  hist_256  hist_1024
0   0.644559  0.644634  0.644577   0.644881
4   0.500090  0.504232  0.500906   0.498945
8   0.414547  0.417600  0.417058   0.412680
12  0.358811  0.358166  0.360537   0.360138
16  0.322190  0.323740  0.320271   0.321604
20  0.291023  0.291368  0.293746   0.291942
24  0.266456  0.265867  0.267972   0.269125
28  0.247853  0.253096  0.251632   0.250032
32  0.231256  0.232733  0.237829   0.235417
36  0.223731  0.220877  0.225035   0.220371
40  0.210406  0.211228  0.214154   0.208250
44  0.198047  0.198849  0.204767   0.198651
48  0.188912  0.188899  0.193749   0.189480

logloss valid
         CPU       GPU  hist_256  hist_1024
0   0.646335  0.646334  0.646193   0.646559
4   0.508068  0.511791  0.508436   0.506818
8   0.427327  0.430148  0.429247   0.425299
12  0.375744  0.375010  0.376640   0.376637
16  0.342359  0.343808  0.339839   0.341345
20  0.314461  0.314765  0.316135   0.314733
24  0.293285  0.292106  0.293458   0.294800
28  0.277561  0.281270  0.279292   0.278157
32  0.263559  0.264268  0.267512   0.266163
36  0.257430  0.254524  0.256706   0.253808
40  0.246595  0.246995  0.247847   0.244167
44  0.237069  0.237638  0.240452   0.236480
48  0.230151  0.230538  0.232284   0.229770

Leaf counts
     CPU   GPU  hist_256  hist_1024
0   7753  7157      7750       7564
4   8452  7354      8378       8350
8   7485  7931      8597       8581
12  7750  7159      7266       7903
16  7691  7848      8540       7151
20  6333  6627      7037       5875
24  8747  6874      7959       4885
28  4634  5368      4666       5093
32  5101  6609      8112       6715
36  3748  3797      4370       5572
40  4485  5390      3517       5678
44  5728  6441      4577       5232
48  4327  4513      7176       6264

w L1 sum
           CPU         GPU    hist_256   hist_1024
0   759.950820  732.000590  762.807106  741.395345
4   695.301092  615.861234  698.967080  691.023070
8   550.911121  597.928744  634.973270  634.260368
12  528.193621  501.746063  492.120868  532.272888
16  494.884802  519.672950  567.398021  447.861309
20  385.579844  412.597259  426.256884  358.168533
24  564.940033  438.585824  499.816831  287.634631
28  263.151625  318.187109  265.243539  290.490443
32  289.854569  405.372306  500.124848  405.840858
36  205.524894  209.812322  244.746307  318.836470
40  254.613295  327.108896  184.969974  339.010765
44  337.452506  404.688644  254.240314  306.517616
48  242.859810  261.757550  426.306766  374.393666

w L2 sum
          CPU        GPU   hist_256  hist_1024
0   10.123500  10.042133  10.163056  10.002471
4    8.827229   8.322534   8.876340   8.791631
8    7.449602   7.823504   8.010684   8.020892
12   7.064386   6.951892   6.777223   7.079115
16   6.690000   6.848938   7.227907   6.303362
20   5.760287   5.971708   6.069202   5.564858
24   7.174890   6.204342   6.643326   4.942835
28   4.664268   5.140540   4.650742   4.907705
32   4.892076   5.922329   6.654410   5.970218
36   4.057798   4.108266   4.515039   5.123773
40   4.621289   5.356236   3.814351   5.388834
44   5.393938   6.065987   4.613096   5.168068
48   4.507931   4.724582   6.069374   5.734084

Feature importance(gain) sorted by CPU
          CPU       GPU  hist_256  hist_1024
f23  0.096708  0.095686  0.101138   0.100990
f7   0.088825  0.088594  0.092013   0.093388
f26  0.065652  0.063260  0.063746   0.067467
f19  0.062958  0.063346  0.062861   0.064144
f12  0.061901  0.063312  0.064942   0.061076


{'max_depth': 5, 'n_train': 4000000}
training XGBoost
CPU: 257.7824957370758 seconds
GPU: 78.42147946357727 seconds
[22:35:29] Tree method is selected to be 'hist', which uses histogram aggregation for faster training. Using custom sequence of updaters: grow_fast_histmaker
hist_256: 23.755999326705933 seconds
[22:35:52] Tree method is selected to be 'hist', which uses histogram aggregation for faster training. Using custom sequence of updaters: grow_fast_histmaker
hist_1024: 30.463950395584106 seconds

logloss train
         CPU       GPU  hist_256  hist_1024
0   0.673744  0.673744  0.673788   0.673712
4   0.616961  0.617000  0.616930   0.616603
8   0.578828  0.578828  0.578370   0.579963
12  0.551752  0.551571  0.551645   0.552245
16  0.529355  0.529569  0.528837   0.529243
20  0.513785  0.513998  0.513383   0.514288
24  0.500117  0.501287  0.499428   0.499504
28  0.489745  0.490875  0.490366   0.488733
32  0.480891  0.480859  0.482235   0.480549
36  0.473364  0.473777  0.474887   0.473580
40  0.466426  0.465459  0.468973   0.467165
44  0.461851  0.459954  0.462423   0.460935
48  0.458333  0.455616  0.457481   0.456699

logloss valid
         CPU       GPU  hist_256  hist_1024
0   0.673831  0.673829  0.673846   0.673796
4   0.617221  0.617257  0.617139   0.616849
8   0.579245  0.579241  0.578738   0.580349
12  0.552247  0.552043  0.552115   0.552702
16  0.529941  0.530093  0.529332   0.529767
20  0.514500  0.514619  0.513960   0.514884
24  0.500916  0.502033  0.500108   0.500214
28  0.490663  0.491713  0.491097   0.489547
32  0.481876  0.481822  0.483010   0.481426
36  0.474446  0.474796  0.475716   0.474549
40  0.467597  0.466591  0.469898   0.468181
44  0.463059  0.461143  0.463435   0.462016
48  0.459569  0.456836  0.458558   0.457828

Leaf counts
    CPU  GPU  hist_256  hist_1024
0    32   32        32         32
4    32   32        32         32
8    32   32        32         32
12   32   32        32         32
16   32   32        32         32
20   32   32        32         32
24   32   32        32         32
28   32   32        32         32
32   32   32        32         32
36   32   32        32         32
40   32   32        32         32
44   32   32        32         32
48   32   32        32         32

w L1 sum
         CPU       GPU  hist_256  hist_1024
0   2.564382  2.564630  2.707373   2.564050
4   2.220261  6.148983  2.249639   2.233270
8   1.835245  1.841345  2.144210   1.958617
12  1.891740  1.922496  2.111296   1.833204
16  2.013717  1.845584  1.809161   1.833071
20  2.128090  2.461250  2.195177   2.004824
24  2.028119  1.955122  1.485124   1.678328
28  1.771709  1.986994  2.320794   1.539172
32  2.301420  1.688674  2.435920   1.708433
36  1.927356  2.192366  2.134743   1.957448
40  1.825984  2.067511  2.358099   1.562338
44  2.447880  1.722347  1.850626   2.300004
48  1.663841  2.174968  1.900683   2.190296

w L2 sum
         CPU       GPU  hist_256  hist_1024
0   0.530459  0.530514  0.557733   0.530432
4   0.443598  4.050153  0.449207   0.446233
8   0.388051  0.389019  0.430155   0.408133
12  0.402047  0.404442  0.440960   0.387950
16  0.402151  0.369175  0.359934   0.388676
20  0.455430  0.529141  0.457208   0.426064
24  0.419055  0.418986  0.320538   0.338151
28  0.404132  0.418399  0.484495   0.324045
32  0.465841  0.378593  0.509152   0.349168
36  0.387999  0.444322  0.443250   0.413889
40  0.369802  0.420873  0.510970   0.325854
44  0.522427  0.355915  0.406281   0.486784
48  0.344271  0.447988  0.411057   0.455128

Feature importance(gain) sorted by CPU
          CPU       GPU  hist_256  hist_1024
f14  0.147567  0.152413  0.140589   0.124374
f23  0.114629  0.120842  0.120109   0.127062
f28  0.079529  0.075074  0.082573   0.075522
f15  0.064738  0.065063  0.060742   0.071199
f0   0.064592  0.063643  0.065531   0.061822


{'max_depth': 15, 'n_train': 4000000}
training XGBoost
CPU: 950.3369977474213 seconds
GPU: 227.58182454109192 seconds
[22:56:10] Tree method is selected to be 'hist', which uses histogram aggregation for faster training. Using custom sequence of updaters: grow_fast_histmaker
hist_256: 218.62911915779114 seconds
[22:59:52] Tree method is selected to be 'hist', which uses histogram aggregation for faster training. Using custom sequence of updaters: grow_fast_histmaker
hist_1024: 684.5952792167664 seconds

logloss train
         CPU       GPU  hist_256  hist_1024
0   0.636265  0.636325  0.636707   0.636261
4   0.481985  0.482100  0.482934   0.482316
8   0.391116  0.392172  0.392613   0.392091
12  0.331610  0.332928  0.333248   0.332370
16  0.291964  0.292125  0.293651   0.291478
20  0.263582  0.264685  0.265734   0.264292
24  0.242958  0.244770  0.245293   0.244245
28  0.227312  0.229689  0.229918   0.229529
32  0.215493  0.217826  0.217668   0.217665
36  0.205598  0.208124  0.209052   0.207443
40  0.198340  0.200798  0.201225   0.201232
44  0.194401  0.196218  0.197372   0.196549
48  0.191000  0.192528  0.193321   0.192926

logloss valid
         CPU       GPU  hist_256  hist_1024
0   0.638207  0.638210  0.638508   0.638142
4   0.490296  0.490304  0.490652   0.490397
8   0.404483  0.405293  0.405080   0.405075
12  0.349446  0.350429  0.349847   0.349641
16  0.313563  0.313493  0.313814   0.312653
20  0.288594  0.289214  0.288996   0.288570
24  0.270956  0.272227  0.271613   0.271533
28  0.258127  0.259888  0.258960   0.259390
32  0.248812  0.250480  0.249205   0.249926
36  0.241296  0.242958  0.242586   0.242077
40  0.235965  0.237514  0.236820   0.237601
44  0.233035  0.234033  0.234011   0.234112
48  0.230568  0.231373  0.230934   0.231531

Leaf counts
      CPU    GPU  hist_256  hist_1024
0   14283  13403     14256      14494
4   14554  14029     14508      14167
8   15025  13253     13727      14448
12  15008  14783     15128      14675
16  13118  13215     14514      14509
20  12629  11904     12063      12671
24  12772  12594     13105      13315
28  11270  10049     11052      10624
32   9521  10260     11840       9877
36  10767  10759      7530      10963
40   5055   4854      8619       5364
44   4918   4883      4393       4716
48   3896   6032      4305       5046

w L1 sum
            CPU          GPU     hist_256    hist_1024
0   1392.134999  1355.937001  1396.981504  1415.151264
4   1190.217265  1170.380683  1197.888857  1156.705496
8   1110.923715   993.207506  1010.114257  1055.289271
12  1048.370378  1055.025002  1055.341341  1020.913603
16   861.257412   887.122141   968.501893   967.014495
20   811.571893   779.796171   771.847409   811.789126
24   815.359198   813.131483   834.305491   844.378915
28   694.512090   627.838680   675.824721   652.163255
32   573.049051   635.799186   724.647845   595.820894
36   669.703818   688.454901   436.439306   693.102799
40   293.410287   286.333713   519.537964   311.279610
44   279.504905   283.758692   245.972790   266.175118
48   216.868947   358.776682   239.883566   286.743577

w L2 sum
          CPU        GPU   hist_256  hist_1024
0   13.624328  13.668218  13.631961  13.721150
4   11.478396  11.648251  11.509093  11.292387
8   10.565184  10.207493  10.008593  10.261613
12  10.038841  10.231227  10.041358   9.894810
16   8.892681   9.161706   9.492339   9.499059
20   8.574541   8.542399   8.334071   8.569474
24   8.635447   8.627542   8.720869   8.740686
28   7.891290   7.517769   7.732247   7.637421
32   7.100016   7.593387   8.035258   7.257502
36   7.836564   8.086944   6.123322   8.104648
40   5.088845   5.004187   6.872310   5.225172
44   4.902534   5.026004   4.585104   4.784455
48   4.257293   5.689077   4.501749   5.010037

Feature importance(gain) sorted by CPU
          CPU       GPU  hist_256  hist_1024
f14  0.097451  0.097721  0.097414   0.097269
f15  0.084985  0.085178  0.085548   0.085317
f23  0.072157  0.071283  0.074346   0.073234
f28  0.070871  0.070683  0.071199   0.071224
f27  0.067494  0.068277  0.067189   0.067370



time
                     CPU    GPU  hist_256  hist_1024
n_train max_depth                                   
10000   5            0.3    0.3       0.6        2.5
        15           0.8    1.6       6.0       21.4
100000  5            3.3    1.0       1.3        3.5
        15          10.1    4.7      26.9      102.0
1000000 5           39.4   16.3       6.6        9.7
        15         134.8   44.7     114.4      417.9
2000000 5          107.2   36.0      12.4       16.1
        15         359.5  101.8     124.8      427.9
4000000 5          257.8   78.4      23.8       30.5
        15         950.3  227.6     218.6      684.6

leaf_cnts
                      CPU     GPU  hist_256  hist_1024
n_train max_depth                                     
10000   5            1350    1352      1381       1380
        15          20122   19418     20467      20357
100000  5            1569    1567      1560       1557
        15          91411   88088     92975      94300
1000000 5            1598    1599      1594       1595
        15         341319  338454    356076     351983
2000000 5            1600    1600      1600       1600
        15         332436  335480    335903     335697
4000000 5            1600    1600      1600       1600
        15         542859  528910    551295     544035

w_L1
                       CPU      GPU  hist_256  hist_1024
n_train max_depth                                       
10000   5             93.0     93.1      93.2       94.7
        15          1044.9   1045.8    1066.3     1056.1
100000  5            107.6    108.5     105.3      106.7
        15          5384.5   5369.3    5486.6     5521.3
1000000 5            108.4    109.9     109.0      107.0
        15         21782.9  22101.1   22675.5    22448.2
2000000 5            116.3    116.2     112.4      118.2
        15         22207.7  22916.0   22371.6    22370.2
4000000 5            101.6    108.2     101.6      100.5
        15         37074.2  36807.7   37554.5    37091.1

w_L2
                     CPU    GPU  hist_256  hist_1024
n_train max_depth                                   
10000   5           20.7   20.6      20.6       20.8
        15          60.1   60.0      60.5       60.1
100000  5           22.5   22.8      22.1       22.4
        15         140.3  139.7     141.9      142.3
1000000 5           22.5   22.7      22.7       22.3
        15         301.7  305.2     308.8      308.2
2000000 5           23.7   23.7      23.0       24.0
        15         317.5  325.5     317.8      319.1
4000000 5           21.1   27.7      21.2       20.8
        15         410.2  414.9     412.2      410.6

logloss
                      CPU     GPU  hist_256  hist_1024
n_train max_depth                                     
10000   5          0.4021  0.4075    0.4043     0.4007
        15         0.3074  0.3129    0.3173     0.3127
100000  5          0.4333  0.4365    0.4335     0.4361
        15         0.2672  0.2691    0.2689     0.2655
1000000 5          0.4373  0.4370    0.4383     0.4372
        15         0.2225  0.2217    0.2221     0.2210
2000000 5          0.4947  0.4928    0.4903     0.4949
        15         0.2284  0.2285    0.2307     0.2283
4000000 5          0.4582  0.4554    0.4572     0.4568
        15         0.2300  0.2305    0.2306     0.2311

Done: 4681.082534313202 seconds
